Performing C++ SOURCE FILE Test CMAKE_HAVE_LIBC_PTHREAD failed with the following output:
Change Dir: /mnt/c/Users/ddamiana/Documents/CodeProjects/personal/LazyMat/build/CMakeFiles/CMakeTmp

Run Build Command(s):/usr/bin/make cmTC_7215b/fast && /usr/bin/make -f CMakeFiles/cmTC_7215b.dir/build.make CMakeFiles/cmTC_7215b.dir/build
make[1]: Entering directory '/mnt/c/Users/ddamiana/Documents/CodeProjects/personal/LazyMat/build/CMakeFiles/CMakeTmp'
Building CXX object CMakeFiles/cmTC_7215b.dir/src.cxx.o
/usr/bin/c++    -DCMAKE_HAVE_LIBC_PTHREAD   -std=gnu++17 -o CMakeFiles/cmTC_7215b.dir/src.cxx.o -c /mnt/c/Users/ddamiana/Documents/CodeProjects/personal/LazyMat/build/CMakeFiles/CMakeTmp/src.cxx
Linking CXX executable cmTC_7215b
/usr/bin/cmake -E cmake_link_script CMakeFiles/cmTC_7215b.dir/link.txt --verbose=1
/usr/bin/c++   -DCMAKE_HAVE_LIBC_PTHREAD    CMakeFiles/cmTC_7215b.dir/src.cxx.o  -o cmTC_7215b 
/usr/bin/ld: CMakeFiles/cmTC_7215b.dir/src.cxx.o: in function `main':
src.cxx:(.text+0x2d): undefined reference to `pthread_create'
/usr/bin/ld: src.cxx:(.text+0x39): undefined reference to `pthread_detach'
/usr/bin/ld: src.cxx:(.text+0x4a): undefined reference to `pthread_join'
collect2: error: ld returned 1 exit status
make[1]: *** [CMakeFiles/cmTC_7215b.dir/build.make:87: cmTC_7215b] Error 1
make[1]: Leaving directory '/mnt/c/Users/ddamiana/Documents/CodeProjects/personal/LazyMat/build/CMakeFiles/CMakeTmp'
make: *** [Makefile:121: cmTC_7215b/fast] Error 2


Source file was:
#include <pthread.h>

void* test_func(void* data)
{
  return data;
}

int main(void)
{
  pthread_t thread;
  pthread_create(&thread, NULL, test_func, NULL);
  pthread_detach(thread);
  pthread_join(thread, NULL);
  pthread_atfork(NULL, NULL, NULL);
  pthread_exit(NULL);

  return 0;
}

Determining if the function pthread_create exists in the pthreads failed with the following output:
Change Dir: /mnt/c/Users/ddamiana/Documents/CodeProjects/personal/LazyMat/build/CMakeFiles/CMakeTmp

Run Build Command(s):/usr/bin/make cmTC_e1c15/fast && /usr/bin/make -f CMakeFiles/cmTC_e1c15.dir/build.make CMakeFiles/cmTC_e1c15.dir/build
make[1]: Entering directory '/mnt/c/Users/ddamiana/Documents/CodeProjects/personal/LazyMat/build/CMakeFiles/CMakeTmp'
Building CXX object CMakeFiles/cmTC_e1c15.dir/CheckFunctionExists.cxx.o
/usr/bin/c++    -DCHECK_FUNCTION_EXISTS=pthread_create   -std=gnu++17 -o CMakeFiles/cmTC_e1c15.dir/CheckFunctionExists.cxx.o -c /mnt/c/Users/ddamiana/Documents/CodeProjects/personal/LazyMat/build/CMakeFiles/CheckLibraryExists/CheckFunctionExists.cxx
Linking CXX executable cmTC_e1c15
/usr/bin/cmake -E cmake_link_script CMakeFiles/cmTC_e1c15.dir/link.txt --verbose=1
/usr/bin/c++   -DCHECK_FUNCTION_EXISTS=pthread_create    CMakeFiles/cmTC_e1c15.dir/CheckFunctionExists.cxx.o  -o cmTC_e1c15  -lpthreads 
/usr/bin/ld: cannot find -lpthreads
collect2: error: ld returned 1 exit status
make[1]: *** [CMakeFiles/cmTC_e1c15.dir/build.make:87: cmTC_e1c15] Error 1
make[1]: Leaving directory '/mnt/c/Users/ddamiana/Documents/CodeProjects/personal/LazyMat/build/CMakeFiles/CMakeTmp'
make: *** [Makefile:121: cmTC_e1c15/fast] Error 2



