The system is: Linux - 5.10.16.3-microsoft-standard-WSL2 - x86_64
Compiling the CXX compiler identification source file "CMakeCXXCompilerId.cpp" succeeded.
Compiler: /usr/bin/c++ 
Build flags: 
Id flags:  

The output was:
0


Compilation of the CXX compiler identification source "CMakeCXXCompilerId.cpp" produced "a.out"

The CXX compiler identification is GNU, found in "/mnt/c/Users/ddamiana/Documents/CodeProjects/personal/LazyMat/build/CMakeFiles/3.16.3/CompilerIdCXX/a.out"

Determining if the CXX compiler works passed with the following output:
Change Dir: /mnt/c/Users/ddamiana/Documents/CodeProjects/personal/LazyMat/build/CMakeFiles/CMakeTmp

Run Build Command(s):/usr/bin/make cmTC_ca56d/fast && /usr/bin/make -f CMakeFiles/cmTC_ca56d.dir/build.make CMakeFiles/cmTC_ca56d.dir/build
make[1]: Entering directory '/mnt/c/Users/ddamiana/Documents/CodeProjects/personal/LazyMat/build/CMakeFiles/CMakeTmp'
Building CXX object CMakeFiles/cmTC_ca56d.dir/testCXXCompiler.cxx.o
/usr/bin/c++     -o CMakeFiles/cmTC_ca56d.dir/testCXXCompiler.cxx.o -c /mnt/c/Users/ddamiana/Documents/CodeProjects/personal/LazyMat/build/CMakeFiles/CMakeTmp/testCXXCompiler.cxx
Linking CXX executable cmTC_ca56d
/usr/bin/cmake -E cmake_link_script CMakeFiles/cmTC_ca56d.dir/link.txt --verbose=1
/usr/bin/c++       CMakeFiles/cmTC_ca56d.dir/testCXXCompiler.cxx.o  -o cmTC_ca56d 
make[1]: Leaving directory '/mnt/c/Users/ddamiana/Documents/CodeProjects/personal/LazyMat/build/CMakeFiles/CMakeTmp'



Detecting CXX compiler ABI info compiled with the following output:
Change Dir: /mnt/c/Users/ddamiana/Documents/CodeProjects/personal/LazyMat/build/CMakeFiles/CMakeTmp

Run Build Command(s):/usr/bin/make cmTC_d76c4/fast && /usr/bin/make -f CMakeFiles/cmTC_d76c4.dir/build.make CMakeFiles/cmTC_d76c4.dir/build
make[1]: Entering directory '/mnt/c/Users/ddamiana/Documents/CodeProjects/personal/LazyMat/build/CMakeFiles/CMakeTmp'
Building CXX object CMakeFiles/cmTC_d76c4.dir/CMakeCXXCompilerABI.cpp.o
/usr/bin/c++    -v -o CMakeFiles/cmTC_d76c4.dir/CMakeCXXCompilerABI.cpp.o -c /usr/share/cmake-3.16/Modules/CMakeCXXCompilerABI.cpp
Using built-in specs.
COLLECT_GCC=/usr/bin/c++
Target: x86_64-pc-linux-gnu
Configured with: ./../gcc-source/configure --prefix=/home/ddamiana/install/gcc-12 --enable-languages=c,c++
Thread model: posix
Supported LTO compression algorithms: zlib
gcc version 12.2.1 20230421 (GCC) 
COLLECT_GCC_OPTIONS='-v' '-o' 'CMakeFiles/cmTC_d76c4.dir/CMakeCXXCompilerABI.cpp.o' '-c' '-shared-libgcc' '-mtune=generic' '-march=x86-64' '-dumpdir' 'CMakeFiles/cmTC_d76c4.dir/'
 /home/ddamiana/install/gcc-12/libexec/gcc/x86_64-pc-linux-gnu/12.2.1/cc1plus -quiet -v -imultiarch x86_64-linux-gnu -D_GNU_SOURCE /usr/share/cmake-3.16/Modules/CMakeCXXCompilerABI.cpp -quiet -dumpdir CMakeFiles/cmTC_d76c4.dir/ -dumpbase CMakeCXXCompilerABI.cpp.cpp -dumpbase-ext .cpp -mtune=generic -march=x86-64 -version -o /tmp/ccfA9VSA.s
GNU C++17 (GCC) version 12.2.1 20230421 (x86_64-pc-linux-gnu)
	compiled by GNU C version 12.2.1 20230421, GMP version 6.2.0, MPFR version 4.0.2, MPC version 1.1.0, isl version none
GGC heuristics: --param ggc-min-expand=100 --param ggc-min-heapsize=131072
ignoring nonexistent directory "/usr/local/include/x86_64-linux-gnu"
ignoring nonexistent directory "/home/ddamiana/install/gcc-12/lib/gcc/x86_64-pc-linux-gnu/12.2.1/../../../../x86_64-pc-linux-gnu/include"
#include "..." search starts here:
#include <...> search starts here:
 /home/ddamiana/install/gcc-12/lib/gcc/x86_64-pc-linux-gnu/12.2.1/../../../../include/c++/12.2.1
 /home/ddamiana/install/gcc-12/lib/gcc/x86_64-pc-linux-gnu/12.2.1/../../../../include/c++/12.2.1/x86_64-pc-linux-gnu
 /home/ddamiana/install/gcc-12/lib/gcc/x86_64-pc-linux-gnu/12.2.1/../../../../include/c++/12.2.1/backward
 /home/ddamiana/install/gcc-12/lib/gcc/x86_64-pc-linux-gnu/12.2.1/include
 /usr/local/include
 /home/ddamiana/install/gcc-12/include
 /home/ddamiana/install/gcc-12/lib/gcc/x86_64-pc-linux-gnu/12.2.1/include-fixed
 /usr/include/x86_64-linux-gnu
 /usr/include
End of search list.
GNU C++17 (GCC) version 12.2.1 20230421 (x86_64-pc-linux-gnu)
	compiled by GNU C version 12.2.1 20230421, GMP version 6.2.0, MPFR version 4.0.2, MPC version 1.1.0, isl version none
GGC heuristics: --param ggc-min-expand=100 --param ggc-min-heapsize=131072
Compiler executable checksum: 60d97aac4afe1dfe349d3bf963c4b461
COLLECT_GCC_OPTIONS='-v' '-o' 'CMakeFiles/cmTC_d76c4.dir/CMakeCXXCompilerABI.cpp.o' '-c' '-shared-libgcc' '-mtune=generic' '-march=x86-64' '-dumpdir' 'CMakeFiles/cmTC_d76c4.dir/'
 as -v --64 -o CMakeFiles/cmTC_d76c4.dir/CMakeCXXCompilerABI.cpp.o /tmp/ccfA9VSA.s
GNU assembler version 2.34 (x86_64-linux-gnu) using BFD version (GNU Binutils for Ubuntu) 2.34
COMPILER_PATH=/home/ddamiana/install/gcc-12/libexec/gcc/x86_64-pc-linux-gnu/12.2.1/:/home/ddamiana/install/gcc-12/libexec/gcc/x86_64-pc-linux-gnu/12.2.1/:/home/ddamiana/install/gcc-12/libexec/gcc/x86_64-pc-linux-gnu/:/home/ddamiana/install/gcc-12/lib/gcc/x86_64-pc-linux-gnu/12.2.1/:/home/ddamiana/install/gcc-12/lib/gcc/x86_64-pc-linux-gnu/
LIBRARY_PATH=/home/ddamiana/install/gcc-12/lib/gcc/x86_64-pc-linux-gnu/12.2.1/:/home/ddamiana/install/gcc-12/lib/gcc/x86_64-pc-linux-gnu/12.2.1/../../../../lib64/:/lib/x86_64-linux-gnu/:/lib/../lib64/:/usr/lib/x86_64-linux-gnu/:/usr/lib/../lib64/:/home/ddamiana/install/gcc-12/lib/gcc/x86_64-pc-linux-gnu/12.2.1/../../../:/lib/:/usr/lib/
COLLECT_GCC_OPTIONS='-v' '-o' 'CMakeFiles/cmTC_d76c4.dir/CMakeCXXCompilerABI.cpp.o' '-c' '-shared-libgcc' '-mtune=generic' '-march=x86-64' '-dumpdir' 'CMakeFiles/cmTC_d76c4.dir/CMakeCXXCompilerABI.cpp.'
Linking CXX executable cmTC_d76c4
/usr/bin/cmake -E cmake_link_script CMakeFiles/cmTC_d76c4.dir/link.txt --verbose=1
/usr/bin/c++      -v CMakeFiles/cmTC_d76c4.dir/CMakeCXXCompilerABI.cpp.o  -o cmTC_d76c4 
Using built-in specs.
COLLECT_GCC=/usr/bin/c++
COLLECT_LTO_WRAPPER=/home/ddamiana/install/gcc-12/libexec/gcc/x86_64-pc-linux-gnu/12.2.1/lto-wrapper
Target: x86_64-pc-linux-gnu
Configured with: ./../gcc-source/configure --prefix=/home/ddamiana/install/gcc-12 --enable-languages=c,c++
Thread model: posix
Supported LTO compression algorithms: zlib
gcc version 12.2.1 20230421 (GCC) 
COMPILER_PATH=/home/ddamiana/install/gcc-12/libexec/gcc/x86_64-pc-linux-gnu/12.2.1/:/home/ddamiana/install/gcc-12/libexec/gcc/x86_64-pc-linux-gnu/12.2.1/:/home/ddamiana/install/gcc-12/libexec/gcc/x86_64-pc-linux-gnu/:/home/ddamiana/install/gcc-12/lib/gcc/x86_64-pc-linux-gnu/12.2.1/:/home/ddamiana/install/gcc-12/lib/gcc/x86_64-pc-linux-gnu/
LIBRARY_PATH=/home/ddamiana/install/gcc-12/lib/gcc/x86_64-pc-linux-gnu/12.2.1/:/home/ddamiana/install/gcc-12/lib/gcc/x86_64-pc-linux-gnu/12.2.1/../../../../lib64/:/lib/x86_64-linux-gnu/:/lib/../lib64/:/usr/lib/x86_64-linux-gnu/:/usr/lib/../lib64/:/home/ddamiana/install/gcc-12/lib/gcc/x86_64-pc-linux-gnu/12.2.1/../../../:/lib/:/usr/lib/
COLLECT_GCC_OPTIONS='-v' '-o' 'cmTC_d76c4' '-shared-libgcc' '-mtune=generic' '-march=x86-64' '-dumpdir' 'cmTC_d76c4.'
 /home/ddamiana/install/gcc-12/libexec/gcc/x86_64-pc-linux-gnu/12.2.1/collect2 -plugin /home/ddamiana/install/gcc-12/libexec/gcc/x86_64-pc-linux-gnu/12.2.1/liblto_plugin.so -plugin-opt=/home/ddamiana/install/gcc-12/libexec/gcc/x86_64-pc-linux-gnu/12.2.1/lto-wrapper -plugin-opt=-fresolution=/tmp/cciKbQO1.res -plugin-opt=-pass-through=-lgcc_s -plugin-opt=-pass-through=-lgcc -plugin-opt=-pass-through=-lc -plugin-opt=-pass-through=-lgcc_s -plugin-opt=-pass-through=-lgcc --eh-frame-hdr -m elf_x86_64 -dynamic-linker /lib64/ld-linux-x86-64.so.2 -o cmTC_d76c4 /lib/x86_64-linux-gnu/crt1.o /lib/x86_64-linux-gnu/crti.o /home/ddamiana/install/gcc-12/lib/gcc/x86_64-pc-linux-gnu/12.2.1/crtbegin.o -L/home/ddamiana/install/gcc-12/lib/gcc/x86_64-pc-linux-gnu/12.2.1 -L/home/ddamiana/install/gcc-12/lib/gcc/x86_64-pc-linux-gnu/12.2.1/../../../../lib64 -L/lib/x86_64-linux-gnu -L/lib/../lib64 -L/usr/lib/x86_64-linux-gnu -L/usr/lib/../lib64 -L/home/ddamiana/install/gcc-12/lib/gcc/x86_64-pc-linux-gnu/12.2.1/../../.. CMakeFiles/cmTC_d76c4.dir/CMakeCXXCompilerABI.cpp.o -lstdc++ -lm -lgcc_s -lgcc -lc -lgcc_s -lgcc /home/ddamiana/install/gcc-12/lib/gcc/x86_64-pc-linux-gnu/12.2.1/crtend.o /lib/x86_64-linux-gnu/crtn.o
COLLECT_GCC_OPTIONS='-v' '-o' 'cmTC_d76c4' '-shared-libgcc' '-mtune=generic' '-march=x86-64' '-dumpdir' 'cmTC_d76c4.'
make[1]: Leaving directory '/mnt/c/Users/ddamiana/Documents/CodeProjects/personal/LazyMat/build/CMakeFiles/CMakeTmp'



Parsed CXX implicit include dir info from above output: rv=done
  found start of include info
  found start of implicit include info
    add: [/home/ddamiana/install/gcc-12/lib/gcc/x86_64-pc-linux-gnu/12.2.1/../../../../include/c++/12.2.1]
    add: [/home/ddamiana/install/gcc-12/lib/gcc/x86_64-pc-linux-gnu/12.2.1/../../../../include/c++/12.2.1/x86_64-pc-linux-gnu]
    add: [/home/ddamiana/install/gcc-12/lib/gcc/x86_64-pc-linux-gnu/12.2.1/../../../../include/c++/12.2.1/backward]
    add: [/home/ddamiana/install/gcc-12/lib/gcc/x86_64-pc-linux-gnu/12.2.1/include]
    add: [/usr/local/include]
    add: [/home/ddamiana/install/gcc-12/include]
    add: [/home/ddamiana/install/gcc-12/lib/gcc/x86_64-pc-linux-gnu/12.2.1/include-fixed]
    add: [/usr/include/x86_64-linux-gnu]
    add: [/usr/include]
  end of search list found
  collapse include dir [/home/ddamiana/install/gcc-12/lib/gcc/x86_64-pc-linux-gnu/12.2.1/../../../../include/c++/12.2.1] ==> [/home/ddamiana/install/gcc-12/include/c++/12.2.1]
  collapse include dir [/home/ddamiana/install/gcc-12/lib/gcc/x86_64-pc-linux-gnu/12.2.1/../../../../include/c++/12.2.1/x86_64-pc-linux-gnu] ==> [/home/ddamiana/install/gcc-12/include/c++/12.2.1/x86_64-pc-linux-gnu]
  collapse include dir [/home/ddamiana/install/gcc-12/lib/gcc/x86_64-pc-linux-gnu/12.2.1/../../../../include/c++/12.2.1/backward] ==> [/home/ddamiana/install/gcc-12/include/c++/12.2.1/backward]
  collapse include dir [/home/ddamiana/install/gcc-12/lib/gcc/x86_64-pc-linux-gnu/12.2.1/include] ==> [/home/ddamiana/install/gcc-12/lib/gcc/x86_64-pc-linux-gnu/12.2.1/include]
  collapse include dir [/usr/local/include] ==> [/usr/local/include]
  collapse include dir [/home/ddamiana/install/gcc-12/include] ==> [/home/ddamiana/install/gcc-12/include]
  collapse include dir [/home/ddamiana/install/gcc-12/lib/gcc/x86_64-pc-linux-gnu/12.2.1/include-fixed] ==> [/home/ddamiana/install/gcc-12/lib/gcc/x86_64-pc-linux-gnu/12.2.1/include-fixed]
  collapse include dir [/usr/include/x86_64-linux-gnu] ==> [/usr/include/x86_64-linux-gnu]
  collapse include dir [/usr/include] ==> [/usr/include]
  implicit include dirs: [/home/ddamiana/install/gcc-12/include/c++/12.2.1;/home/ddamiana/install/gcc-12/include/c++/12.2.1/x86_64-pc-linux-gnu;/home/ddamiana/install/gcc-12/include/c++/12.2.1/backward;/home/ddamiana/install/gcc-12/lib/gcc/x86_64-pc-linux-gnu/12.2.1/include;/usr/local/include;/home/ddamiana/install/gcc-12/include;/home/ddamiana/install/gcc-12/lib/gcc/x86_64-pc-linux-gnu/12.2.1/include-fixed;/usr/include/x86_64-linux-gnu;/usr/include]


Parsed CXX implicit link information from above output:
  link line regex: [^( *|.*[/\])(ld|CMAKE_LINK_STARTFILE-NOTFOUND|([^/\]+-)?ld|collect2)[^/\]*( |$)]
  ignore line: [Change Dir: /mnt/c/Users/ddamiana/Documents/CodeProjects/personal/LazyMat/build/CMakeFiles/CMakeTmp]
  ignore line: []
  ignore line: [Run Build Command(s):/usr/bin/make cmTC_d76c4/fast && /usr/bin/make -f CMakeFiles/cmTC_d76c4.dir/build.make CMakeFiles/cmTC_d76c4.dir/build]
  ignore line: [make[1]: Entering directory '/mnt/c/Users/ddamiana/Documents/CodeProjects/personal/LazyMat/build/CMakeFiles/CMakeTmp']
  ignore line: [Building CXX object CMakeFiles/cmTC_d76c4.dir/CMakeCXXCompilerABI.cpp.o]
  ignore line: [/usr/bin/c++    -v -o CMakeFiles/cmTC_d76c4.dir/CMakeCXXCompilerABI.cpp.o -c /usr/share/cmake-3.16/Modules/CMakeCXXCompilerABI.cpp]
  ignore line: [Using built-in specs.]
  ignore line: [COLLECT_GCC=/usr/bin/c++]
  ignore line: [Target: x86_64-pc-linux-gnu]
  ignore line: [Configured with: ./../gcc-source/configure --prefix=/home/ddamiana/install/gcc-12 --enable-languages=c c++]
  ignore line: [Thread model: posix]
  ignore line: [Supported LTO compression algorithms: zlib]
  ignore line: [gcc version 12.2.1 20230421 (GCC) ]
  ignore line: [COLLECT_GCC_OPTIONS='-v' '-o' 'CMakeFiles/cmTC_d76c4.dir/CMakeCXXCompilerABI.cpp.o' '-c' '-shared-libgcc' '-mtune=generic' '-march=x86-64' '-dumpdir' 'CMakeFiles/cmTC_d76c4.dir/']
  ignore line: [ /home/ddamiana/install/gcc-12/libexec/gcc/x86_64-pc-linux-gnu/12.2.1/cc1plus -quiet -v -imultiarch x86_64-linux-gnu -D_GNU_SOURCE /usr/share/cmake-3.16/Modules/CMakeCXXCompilerABI.cpp -quiet -dumpdir CMakeFiles/cmTC_d76c4.dir/ -dumpbase CMakeCXXCompilerABI.cpp.cpp -dumpbase-ext .cpp -mtune=generic -march=x86-64 -version -o /tmp/ccfA9VSA.s]
  ignore line: [GNU C++17 (GCC) version 12.2.1 20230421 (x86_64-pc-linux-gnu)]
  ignore line: [	compiled by GNU C version 12.2.1 20230421  GMP version 6.2.0  MPFR version 4.0.2  MPC version 1.1.0  isl version none]
  ignore line: [GGC heuristics: --param ggc-min-expand=100 --param ggc-min-heapsize=131072]
  ignore line: [ignoring nonexistent directory "/usr/local/include/x86_64-linux-gnu"]
  ignore line: [ignoring nonexistent directory "/home/ddamiana/install/gcc-12/lib/gcc/x86_64-pc-linux-gnu/12.2.1/../../../../x86_64-pc-linux-gnu/include"]
  ignore line: [#include "..." search starts here:]
  ignore line: [#include <...> search starts here:]
  ignore line: [ /home/ddamiana/install/gcc-12/lib/gcc/x86_64-pc-linux-gnu/12.2.1/../../../../include/c++/12.2.1]
  ignore line: [ /home/ddamiana/install/gcc-12/lib/gcc/x86_64-pc-linux-gnu/12.2.1/../../../../include/c++/12.2.1/x86_64-pc-linux-gnu]
  ignore line: [ /home/ddamiana/install/gcc-12/lib/gcc/x86_64-pc-linux-gnu/12.2.1/../../../../include/c++/12.2.1/backward]
  ignore line: [ /home/ddamiana/install/gcc-12/lib/gcc/x86_64-pc-linux-gnu/12.2.1/include]
  ignore line: [ /usr/local/include]
  ignore line: [ /home/ddamiana/install/gcc-12/include]
  ignore line: [ /home/ddamiana/install/gcc-12/lib/gcc/x86_64-pc-linux-gnu/12.2.1/include-fixed]
  ignore line: [ /usr/include/x86_64-linux-gnu]
  ignore line: [ /usr/include]
  ignore line: [End of search list.]
  ignore line: [GNU C++17 (GCC) version 12.2.1 20230421 (x86_64-pc-linux-gnu)]
  ignore line: [	compiled by GNU C version 12.2.1 20230421  GMP version 6.2.0  MPFR version 4.0.2  MPC version 1.1.0  isl version none]
  ignore line: [GGC heuristics: --param ggc-min-expand=100 --param ggc-min-heapsize=131072]
  ignore line: [Compiler executable checksum: 60d97aac4afe1dfe349d3bf963c4b461]
  ignore line: [COLLECT_GCC_OPTIONS='-v' '-o' 'CMakeFiles/cmTC_d76c4.dir/CMakeCXXCompilerABI.cpp.o' '-c' '-shared-libgcc' '-mtune=generic' '-march=x86-64' '-dumpdir' 'CMakeFiles/cmTC_d76c4.dir/']
  ignore line: [ as -v --64 -o CMakeFiles/cmTC_d76c4.dir/CMakeCXXCompilerABI.cpp.o /tmp/ccfA9VSA.s]
  ignore line: [GNU assembler version 2.34 (x86_64-linux-gnu) using BFD version (GNU Binutils for Ubuntu) 2.34]
  ignore line: [COMPILER_PATH=/home/ddamiana/install/gcc-12/libexec/gcc/x86_64-pc-linux-gnu/12.2.1/:/home/ddamiana/install/gcc-12/libexec/gcc/x86_64-pc-linux-gnu/12.2.1/:/home/ddamiana/install/gcc-12/libexec/gcc/x86_64-pc-linux-gnu/:/home/ddamiana/install/gcc-12/lib/gcc/x86_64-pc-linux-gnu/12.2.1/:/home/ddamiana/install/gcc-12/lib/gcc/x86_64-pc-linux-gnu/]
  ignore line: [LIBRARY_PATH=/home/ddamiana/install/gcc-12/lib/gcc/x86_64-pc-linux-gnu/12.2.1/:/home/ddamiana/install/gcc-12/lib/gcc/x86_64-pc-linux-gnu/12.2.1/../../../../lib64/:/lib/x86_64-linux-gnu/:/lib/../lib64/:/usr/lib/x86_64-linux-gnu/:/usr/lib/../lib64/:/home/ddamiana/install/gcc-12/lib/gcc/x86_64-pc-linux-gnu/12.2.1/../../../:/lib/:/usr/lib/]
  ignore line: [COLLECT_GCC_OPTIONS='-v' '-o' 'CMakeFiles/cmTC_d76c4.dir/CMakeCXXCompilerABI.cpp.o' '-c' '-shared-libgcc' '-mtune=generic' '-march=x86-64' '-dumpdir' 'CMakeFiles/cmTC_d76c4.dir/CMakeCXXCompilerABI.cpp.']
  ignore line: [Linking CXX executable cmTC_d76c4]
  ignore line: [/usr/bin/cmake -E cmake_link_script CMakeFiles/cmTC_d76c4.dir/link.txt --verbose=1]
  ignore line: [/usr/bin/c++      -v CMakeFiles/cmTC_d76c4.dir/CMakeCXXCompilerABI.cpp.o  -o cmTC_d76c4 ]
  ignore line: [Using built-in specs.]
  ignore line: [COLLECT_GCC=/usr/bin/c++]
  ignore line: [COLLECT_LTO_WRAPPER=/home/ddamiana/install/gcc-12/libexec/gcc/x86_64-pc-linux-gnu/12.2.1/lto-wrapper]
  ignore line: [Target: x86_64-pc-linux-gnu]
  ignore line: [Configured with: ./../gcc-source/configure --prefix=/home/ddamiana/install/gcc-12 --enable-languages=c c++]
  ignore line: [Thread model: posix]
  ignore line: [Supported LTO compression algorithms: zlib]
  ignore line: [gcc version 12.2.1 20230421 (GCC) ]
  ignore line: [COMPILER_PATH=/home/ddamiana/install/gcc-12/libexec/gcc/x86_64-pc-linux-gnu/12.2.1/:/home/ddamiana/install/gcc-12/libexec/gcc/x86_64-pc-linux-gnu/12.2.1/:/home/ddamiana/install/gcc-12/libexec/gcc/x86_64-pc-linux-gnu/:/home/ddamiana/install/gcc-12/lib/gcc/x86_64-pc-linux-gnu/12.2.1/:/home/ddamiana/install/gcc-12/lib/gcc/x86_64-pc-linux-gnu/]
  ignore line: [LIBRARY_PATH=/home/ddamiana/install/gcc-12/lib/gcc/x86_64-pc-linux-gnu/12.2.1/:/home/ddamiana/install/gcc-12/lib/gcc/x86_64-pc-linux-gnu/12.2.1/../../../../lib64/:/lib/x86_64-linux-gnu/:/lib/../lib64/:/usr/lib/x86_64-linux-gnu/:/usr/lib/../lib64/:/home/ddamiana/install/gcc-12/lib/gcc/x86_64-pc-linux-gnu/12.2.1/../../../:/lib/:/usr/lib/]
  ignore line: [COLLECT_GCC_OPTIONS='-v' '-o' 'cmTC_d76c4' '-shared-libgcc' '-mtune=generic' '-march=x86-64' '-dumpdir' 'cmTC_d76c4.']
  link line: [ /home/ddamiana/install/gcc-12/libexec/gcc/x86_64-pc-linux-gnu/12.2.1/collect2 -plugin /home/ddamiana/install/gcc-12/libexec/gcc/x86_64-pc-linux-gnu/12.2.1/liblto_plugin.so -plugin-opt=/home/ddamiana/install/gcc-12/libexec/gcc/x86_64-pc-linux-gnu/12.2.1/lto-wrapper -plugin-opt=-fresolution=/tmp/cciKbQO1.res -plugin-opt=-pass-through=-lgcc_s -plugin-opt=-pass-through=-lgcc -plugin-opt=-pass-through=-lc -plugin-opt=-pass-through=-lgcc_s -plugin-opt=-pass-through=-lgcc --eh-frame-hdr -m elf_x86_64 -dynamic-linker /lib64/ld-linux-x86-64.so.2 -o cmTC_d76c4 /lib/x86_64-linux-gnu/crt1.o /lib/x86_64-linux-gnu/crti.o /home/ddamiana/install/gcc-12/lib/gcc/x86_64-pc-linux-gnu/12.2.1/crtbegin.o -L/home/ddamiana/install/gcc-12/lib/gcc/x86_64-pc-linux-gnu/12.2.1 -L/home/ddamiana/install/gcc-12/lib/gcc/x86_64-pc-linux-gnu/12.2.1/../../../../lib64 -L/lib/x86_64-linux-gnu -L/lib/../lib64 -L/usr/lib/x86_64-linux-gnu -L/usr/lib/../lib64 -L/home/ddamiana/install/gcc-12/lib/gcc/x86_64-pc-linux-gnu/12.2.1/../../.. CMakeFiles/cmTC_d76c4.dir/CMakeCXXCompilerABI.cpp.o -lstdc++ -lm -lgcc_s -lgcc -lc -lgcc_s -lgcc /home/ddamiana/install/gcc-12/lib/gcc/x86_64-pc-linux-gnu/12.2.1/crtend.o /lib/x86_64-linux-gnu/crtn.o]
    arg [/home/ddamiana/install/gcc-12/libexec/gcc/x86_64-pc-linux-gnu/12.2.1/collect2] ==> ignore
    arg [-plugin] ==> ignore
    arg [/home/ddamiana/install/gcc-12/libexec/gcc/x86_64-pc-linux-gnu/12.2.1/liblto_plugin.so] ==> ignore
    arg [-plugin-opt=/home/ddamiana/install/gcc-12/libexec/gcc/x86_64-pc-linux-gnu/12.2.1/lto-wrapper] ==> ignore
    arg [-plugin-opt=-fresolution=/tmp/cciKbQO1.res] ==> ignore
    arg [-plugin-opt=-pass-through=-lgcc_s] ==> ignore
    arg [-plugin-opt=-pass-through=-lgcc] ==> ignore
    arg [-plugin-opt=-pass-through=-lc] ==> ignore
    arg [-plugin-opt=-pass-through=-lgcc_s] ==> ignore
    arg [-plugin-opt=-pass-through=-lgcc] ==> ignore
    arg [--eh-frame-hdr] ==> ignore
    arg [-m] ==> ignore
    arg [elf_x86_64] ==> ignore
    arg [-dynamic-linker] ==> ignore
    arg [/lib64/ld-linux-x86-64.so.2] ==> ignore
    arg [-o] ==> ignore
    arg [cmTC_d76c4] ==> ignore
    arg [/lib/x86_64-linux-gnu/crt1.o] ==> ignore
    arg [/lib/x86_64-linux-gnu/crti.o] ==> ignore
    arg [/home/ddamiana/install/gcc-12/lib/gcc/x86_64-pc-linux-gnu/12.2.1/crtbegin.o] ==> ignore
    arg [-L/home/ddamiana/install/gcc-12/lib/gcc/x86_64-pc-linux-gnu/12.2.1] ==> dir [/home/ddamiana/install/gcc-12/lib/gcc/x86_64-pc-linux-gnu/12.2.1]
    arg [-L/home/ddamiana/install/gcc-12/lib/gcc/x86_64-pc-linux-gnu/12.2.1/../../../../lib64] ==> dir [/home/ddamiana/install/gcc-12/lib/gcc/x86_64-pc-linux-gnu/12.2.1/../../../../lib64]
    arg [-L/lib/x86_64-linux-gnu] ==> dir [/lib/x86_64-linux-gnu]
    arg [-L/lib/../lib64] ==> dir [/lib/../lib64]
    arg [-L/usr/lib/x86_64-linux-gnu] ==> dir [/usr/lib/x86_64-linux-gnu]
    arg [-L/usr/lib/../lib64] ==> dir [/usr/lib/../lib64]
    arg [-L/home/ddamiana/install/gcc-12/lib/gcc/x86_64-pc-linux-gnu/12.2.1/../../..] ==> dir [/home/ddamiana/install/gcc-12/lib/gcc/x86_64-pc-linux-gnu/12.2.1/../../..]
    arg [CMakeFiles/cmTC_d76c4.dir/CMakeCXXCompilerABI.cpp.o] ==> ignore
    arg [-lstdc++] ==> lib [stdc++]
    arg [-lm] ==> lib [m]
    arg [-lgcc_s] ==> lib [gcc_s]
    arg [-lgcc] ==> lib [gcc]
    arg [-lc] ==> lib [c]
    arg [-lgcc_s] ==> lib [gcc_s]
    arg [-lgcc] ==> lib [gcc]
    arg [/home/ddamiana/install/gcc-12/lib/gcc/x86_64-pc-linux-gnu/12.2.1/crtend.o] ==> ignore
    arg [/lib/x86_64-linux-gnu/crtn.o] ==> ignore
  collapse library dir [/home/ddamiana/install/gcc-12/lib/gcc/x86_64-pc-linux-gnu/12.2.1] ==> [/home/ddamiana/install/gcc-12/lib/gcc/x86_64-pc-linux-gnu/12.2.1]
  collapse library dir [/home/ddamiana/install/gcc-12/lib/gcc/x86_64-pc-linux-gnu/12.2.1/../../../../lib64] ==> [/home/ddamiana/install/gcc-12/lib64]
  collapse library dir [/lib/x86_64-linux-gnu] ==> [/lib/x86_64-linux-gnu]
  collapse library dir [/lib/../lib64] ==> [/lib64]
  collapse library dir [/usr/lib/x86_64-linux-gnu] ==> [/usr/lib/x86_64-linux-gnu]
  collapse library dir [/usr/lib/../lib64] ==> [/usr/lib64]
  collapse library dir [/home/ddamiana/install/gcc-12/lib/gcc/x86_64-pc-linux-gnu/12.2.1/../../..] ==> [/home/ddamiana/install/gcc-12/lib]
  implicit libs: [stdc++;m;gcc_s;gcc;c;gcc_s;gcc]
  implicit dirs: [/home/ddamiana/install/gcc-12/lib/gcc/x86_64-pc-linux-gnu/12.2.1;/home/ddamiana/install/gcc-12/lib64;/lib/x86_64-linux-gnu;/lib64;/usr/lib/x86_64-linux-gnu;/usr/lib64;/home/ddamiana/install/gcc-12/lib]
  implicit fwks: []


Determining if the include file pthread.h exists passed with the following output:
Change Dir: /mnt/c/Users/ddamiana/Documents/CodeProjects/personal/LazyMat/build/CMakeFiles/CMakeTmp

Run Build Command(s):/usr/bin/make cmTC_f491a/fast && /usr/bin/make -f CMakeFiles/cmTC_f491a.dir/build.make CMakeFiles/cmTC_f491a.dir/build
make[1]: Entering directory '/mnt/c/Users/ddamiana/Documents/CodeProjects/personal/LazyMat/build/CMakeFiles/CMakeTmp'
Building CXX object CMakeFiles/cmTC_f491a.dir/CheckIncludeFile.cxx.o
/usr/bin/c++    -std=gnu++17 -o CMakeFiles/cmTC_f491a.dir/CheckIncludeFile.cxx.o -c /mnt/c/Users/ddamiana/Documents/CodeProjects/personal/LazyMat/build/CMakeFiles/CMakeTmp/CheckIncludeFile.cxx
Linking CXX executable cmTC_f491a
/usr/bin/cmake -E cmake_link_script CMakeFiles/cmTC_f491a.dir/link.txt --verbose=1
/usr/bin/c++       CMakeFiles/cmTC_f491a.dir/CheckIncludeFile.cxx.o  -o cmTC_f491a 
make[1]: Leaving directory '/mnt/c/Users/ddamiana/Documents/CodeProjects/personal/LazyMat/build/CMakeFiles/CMakeTmp'



Determining if the function pthread_create exists in the pthread passed with the following output:
Change Dir: /mnt/c/Users/ddamiana/Documents/CodeProjects/personal/LazyMat/build/CMakeFiles/CMakeTmp

Run Build Command(s):/usr/bin/make cmTC_c2302/fast && /usr/bin/make -f CMakeFiles/cmTC_c2302.dir/build.make CMakeFiles/cmTC_c2302.dir/build
make[1]: Entering directory '/mnt/c/Users/ddamiana/Documents/CodeProjects/personal/LazyMat/build/CMakeFiles/CMakeTmp'
Building CXX object CMakeFiles/cmTC_c2302.dir/CheckFunctionExists.cxx.o
/usr/bin/c++    -DCHECK_FUNCTION_EXISTS=pthread_create   -std=gnu++17 -o CMakeFiles/cmTC_c2302.dir/CheckFunctionExists.cxx.o -c /mnt/c/Users/ddamiana/Documents/CodeProjects/personal/LazyMat/build/CMakeFiles/CheckLibraryExists/CheckFunctionExists.cxx
Linking CXX executable cmTC_c2302
/usr/bin/cmake -E cmake_link_script CMakeFiles/cmTC_c2302.dir/link.txt --verbose=1
/usr/bin/c++   -DCHECK_FUNCTION_EXISTS=pthread_create    CMakeFiles/cmTC_c2302.dir/CheckFunctionExists.cxx.o  -o cmTC_c2302  -lpthread 
make[1]: Leaving directory '/mnt/c/Users/ddamiana/Documents/CodeProjects/personal/LazyMat/build/CMakeFiles/CMakeTmp'



